# JRE version: Java(TM) SE Runtime Environment (8.0_131-b11) (build 1.8.0_131-b11)
# Java VM: Java HotSpot(TM) 64-Bit Server VM (25.131-b11 mixed mode windows-amd64 compressed oops)
Heap:
 PSYoungGen      total 349696K, used 41565K [0x00000000e0000000, 0x0000000100000000, 0x0000000100000000)
  eden space 175104K, 23% used [0x00000000e0000000,0x00000000e2897740,0x00000000eab00000)
  from space 174592K, 0% used [0x00000000eab00000,0x00000000eab00000,0x00000000f5580000)
  to   space 174592K, 0% used [0x00000000f5580000,0x00000000f5580000,0x0000000100000000)
 ParOldGen       total 449024K, used 310947K [0x00000000a0000000, 0x00000000bb680000, 0x00000000e0000000)
  object space 449024K, 69% used [0x00000000a0000000,0x00000000b2fa8f88,0x00000000bb680000)
 Metaspace       used 100513K, capacity 106202K, committed 109716K, reserved 1144832K
  class space    used 12848K, capacity 13739K, committed 14484K, reserved 1048576K
GC Heap History (10 events):
Event: 10081.167 GC heap before
{Heap before GC invocations=37 (full 5):
 PSYoungGen      total 230912K, used 230895K [0x00000000e0000000, 0x00000000fef00000, 0x0000000100000000)
  eden space 175104K, 100% used [0x00000000e0000000,0x00000000eab00000,0x00000000eab00000)
  from space 55808K, 99% used [0x00000000eab00000,0x00000000ee17bc38,0x00000000ee180000)
  to   space 165888K, 0% used [0x00000000f4d00000,0x00000000f4d00000,0x00000000fef00000)
 ParOldGen       total 449024K, used 245410K [0x00000000a0000000, 0x00000000bb680000, 0x00000000e0000000)
  object space 449024K, 54% used [0x00000000a0000000,0x00000000aefa8848,0x00000000bb680000)
 Metaspace       used 96121K, capacity 101430K, committed 105236K, reserved 1140736K
  class space    used 12363K, capacity 13191K, committed 14356K, reserved 1048576K
Event: 10081.238 GC heap after
Heap after GC invocations=37 (full 5):
 PSYoungGen      total 345088K, used 75656K [0x00000000e0000000, 0x00000000ffa80000, 0x0000000100000000)
  eden space 179200K, 0% used [0x00000000e0000000,0x00000000e0000000,0x00000000eaf00000)
  from space 165888K, 45% used [0x00000000f4d00000,0x00000000f96e2050,0x00000000fef00000)
  to   space 161792K, 0% used [0x00000000eaf00000,0x00000000eaf00000,0x00000000f4d00000)
 ParOldGen       total 449024K, used 245418K [0x00000000a0000000, 0x00000000bb680000, 0x00000000e0000000)
  object space 449024K, 54% used [0x00000000a0000000,0x00000000aefaa848,0x00000000bb680000)
 Metaspace       used 96121K, capacity 101430K, committed 105236K, reserved 1140736K
  class space    used 12363K, capacity 13191K, committed 14356K, reserved 1048576K
}
Event: 10083.229 GC heap before
{Heap before GC invocations=38 (full 5):
 PSYoungGen      total 345088K, used 254856K [0x00000000e0000000, 0x00000000ffa80000, 0x0000000100000000)
  eden space 179200K, 100% used [0x00000000e0000000,0x00000000eaf00000,0x00000000eaf00000)
  from space 165888K, 45% used [0x00000000f4d00000,0x00000000f96e2050,0x00000000fef00000)
  to   space 161792K, 0% used [0x00000000eaf00000,0x00000000eaf00000,0x00000000f4d00000)
 ParOldGen       total 449024K, used 245418K [0x00000000a0000000, 0x00000000bb680000, 0x00000000e0000000)
  object space 449024K, 54% used [0x00000000a0000000,0x00000000aefaa848,0x00000000bb680000)
 Metaspace       used 100481K, capacity 105908K, committed 107796K, reserved 1142784K
  class space    used 12956K, capacity 13820K, committed 14356K, reserved 1048576K
Event: 10083.298 GC heap after
Heap after GC invocations=38 (full 5):
 PSYoungGen      total 340992K, used 142778K [0x00000000e0000000, 0x0000000100000000, 0x0000000100000000)
  eden space 179200K, 0% used [0x00000000e0000000,0x00000000e0000000,0x00000000eaf00000)
  from space 161792K, 88% used [0x00000000eaf00000,0x00000000f3a6e950,0x00000000f4d00000)
  to   space 174592K, 0% used [0x00000000f5580000,0x00000000f5580000,0x0000000100000000)
 ParOldGen       total 449024K, used 245426K [0x00000000a0000000, 0x00000000bb680000, 0x00000000e0000000)
  object space 449024K, 54% used [0x00000000a0000000,0x00000000aefac848,0x00000000bb680000)
 Metaspace       used 100481K, capacity 105908K, committed 107796K, reserved 1142784K
  class space    used 12956K, capacity 13820K, committed 14356K, reserved 1048576K
}
Event: 10084.645 GC heap before
{Heap before GC invocations=39 (full 5):
 PSYoungGen      total 340992K, used 321244K [0x00000000e0000000, 0x0000000100000000, 0x0000000100000000)
  eden space 179200K, 99% used [0x00000000e0000000,0x00000000eae48880,0x00000000eaf00000)
  from space 161792K, 88% used [0x00000000eaf00000,0x00000000f3a6e950,0x00000000f4d00000)
  to   space 174592K, 0% used [0x00000000f5580000,0x00000000f5580000,0x0000000100000000)
 ParOldGen       total 449024K, used 245426K [0x00000000a0000000, 0x00000000bb680000, 0x00000000e0000000)
  object space 449024K, 54% used [0x00000000a0000000,0x00000000aefac848,0x00000000bb680000)
 Metaspace       used 101252K, capacity 106860K, committed 108308K, reserved 1142784K
  class space    used 13077K, capacity 13978K, committed 14356K, reserved 1048576K
Event: 10084.726 GC heap after
Heap after GC invocations=39 (full 5):
 PSYoungGen      total 349696K, used 107509K [0x00000000e0000000, 0x0000000100000000, 0x0000000100000000)
  eden space 175104K, 0% used [0x00000000e0000000,0x00000000e0000000,0x00000000eab00000)
  from space 174592K, 61% used [0x00000000f5580000,0x00000000fbe7d770,0x0000000100000000)
  to   space 174592K, 0% used [0x00000000eab00000,0x00000000eab00000,0x00000000f5580000)
 ParOldGen       total 449024K, used 278256K [0x00000000a0000000, 0x00000000bb680000, 0x00000000e0000000)
  object space 449024K, 61% used [0x00000000a0000000,0x00000000b0fbc2f8,0x00000000bb680000)
 Metaspace       used 101252K, capacity 106860K, committed 108308K, reserved 1142784K
  class space    used 13077K, capacity 13978K, committed 14356K, reserved 1048576K
}
Event: 10087.375 GC heap before
{Heap before GC invocations=40 (full 5):
 PSYoungGen      total 349696K, used 282613K [0x00000000e0000000, 0x0000000100000000, 0x0000000100000000)
  eden space 175104K, 100% used [0x00000000e0000000,0x00000000eab00000,0x00000000eab00000)
  from space 174592K, 61% used [0x00000000f5580000,0x00000000fbe7d770,0x0000000100000000)
  to   space 174592K, 0% used [0x00000000eab00000,0x00000000eab00000,0x00000000f5580000)
 ParOldGen       total 449024K, used 278256K [0x00000000a0000000, 0x00000000bb680000, 0x00000000e0000000)
  object space 449024K, 61% used [0x00000000a0000000,0x00000000b0fbc2f8,0x00000000bb680000)
 Metaspace       used 102688K, capacity 108378K, committed 109716K, reserved 1144832K
  class space    used 13259K, capacity 14143K, committed 14484K, reserved 1048576K
Event: 10087.465 GC heap after
Heap after GC invocations=40 (full 5):
 PSYoungGen      total 349696K, used 6678K [0x00000000e0000000, 0x0000000100000000, 0x0000000100000000)
  eden space 175104K, 0% used [0x00000000e0000000,0x00000000e0000000,0x00000000eab00000)
  from space 174592K, 3% used [0x00000000eab00000,0x00000000eb185a80,0x00000000f5580000)
  to   space 174592K, 0% used [0x00000000f5580000,0x00000000f5580000,0x0000000100000000)
 ParOldGen       total 449024K, used 380424K [0x00000000a0000000, 0x00000000bb680000, 0x00000000e0000000)
  object space 449024K, 84% used [0x00000000a0000000,0x00000000b7382370,0x00000000bb680000)
 Metaspace       used 102688K, capacity 108378K, committed 109716K, reserved 1144832K
  class space    used 13259K, capacity 14143K, committed 14484K, reserved 1048576K
}
Event: 10087.466 GC heap before
{Heap before GC invocations=41 (full 6):
 PSYoungGen      total 349696K, used 6678K [0x00000000e0000000, 0x0000000100000000, 0x0000000100000000)
  eden space 175104K, 0% used [0x00000000e0000000,0x00000000e0000000,0x00000000eab00000)
  from space 174592K, 3% used [0x00000000eab00000,0x00000000eb185a80,0x00000000f5580000)
  to   space 174592K, 0% used [0x00000000f5580000,0x00000000f5580000,0x0000000100000000)
 ParOldGen       total 449024K, used 380424K [0x00000000a0000000, 0x00000000bb680000, 0x00000000e0000000)
  object space 449024K, 84% used [0x00000000a0000000,0x00000000b7382370,0x00000000bb680000)
 Metaspace       used 102688K, capacity 108378K, committed 109716K, reserved 1144832K
  class space    used 13259K, capacity 14143K, committed 14484K, reserved 1048576K
Event: 10088.827 GC heap after
Heap after GC invocations=41 (full 6):
 PSYoungGen      total 349696K, used 0K [0x00000000e0000000, 0x0000000100000000, 0x0000000100000000)
  eden space 175104K, 0% used [0x00000000e0000000,0x00000000e0000000,0x00000000eab00000)
  from space 174592K, 0% used [0x00000000eab00000,0x00000000eab00000,0x00000000f5580000)
  to   space 174592K, 0% used [0x00000000f5580000,0x00000000f5580000,0x0000000100000000)
 ParOldGen       total 449024K, used 310947K [0x00000000a0000000, 0x00000000bb680000, 0x00000000e0000000)
  object space 449024K, 69% used [0x00000000a0000000,0x00000000b2fa8f88,0x00000000bb680000)
 Metaspace       used 98672K, capacity 104312K, committed 109716K, reserved 1144832K
  class space    used 12712K, capacity 13578K, committed 14484K, reserved 1048576K
}

